,number,value,datetime_start,datetime_complete,duration,params_n_features,state
0,0,0.5653010026065538,2022-12-29 22:34:49.934765,2022-12-29 22:36:09.227142,0 days 00:01:19.292377,811,COMPLETE
1,1,0.5663023880780924,2022-12-29 22:34:49.935178,2022-12-29 22:35:53.406810,0 days 00:01:03.471632,578,COMPLETE
2,2,0.5639545738571028,2022-12-29 22:34:49.935682,2022-12-29 22:35:39.370175,0 days 00:00:49.434493,785,COMPLETE
3,3,0.5739739237666426,2022-12-29 22:34:49.936269,2022-12-29 22:35:46.007340,0 days 00:00:56.071071,643,COMPLETE
4,4,0.5658606970087874,2022-12-29 22:34:49.936851,2022-12-29 22:35:28.412482,0 days 00:00:38.475631,545,COMPLETE
5,5,0.5557882804204265,2022-12-29 22:34:49.937173,2022-12-29 22:36:00.610091,0 days 00:01:10.672918,609,COMPLETE
6,6,0.5247933927608728,2022-12-29 22:34:49.937589,2022-12-29 22:35:32.286547,0 days 00:00:42.348958,301,COMPLETE
7,7,0.37837188009096295,2022-12-29 22:34:49.938008,2022-12-29 22:35:18.463581,0 days 00:00:28.525573,81,COMPLETE
8,8,0.5658788899936567,2022-12-29 22:35:18.465644,2022-12-29 22:36:20.569518,0 days 00:01:02.103874,936,COMPLETE
9,9,0.5694445936695454,2022-12-29 22:35:28.438946,2022-12-29 22:36:30.053083,0 days 00:01:01.614137,719,COMPLETE
10,10,0.5671108203226585,2022-12-29 22:35:32.287628,2022-12-29 22:36:37.769111,0 days 00:01:05.481483,687,COMPLETE
11,11,0.5616873748916725,2022-12-29 22:35:39.371473,2022-12-29 22:36:46.099283,0 days 00:01:06.727810,641,COMPLETE
12,12,0.5595917551377535,2022-12-29 22:35:46.014066,2022-12-29 22:36:53.493921,0 days 00:01:07.479855,441,COMPLETE
13,13,0.5662670897937163,2022-12-29 22:35:53.423531,2022-12-29 22:37:03.862521,0 days 00:01:10.438990,791,COMPLETE
14,14,0.3342799886270651,2022-12-29 22:36:00.616381,2022-12-29 22:36:54.940635,0 days 00:00:54.324254,59,COMPLETE
15,15,0.5548992743531971,2022-12-29 22:36:09.228563,2022-12-29 22:37:14.159459,0 days 00:01:04.930896,771,COMPLETE
16,16,0.5636327971501569,2022-12-29 22:36:20.667525,2022-12-29 22:37:23.856105,0 days 00:01:03.188580,576,COMPLETE
17,17,0.5346640993511604,2022-12-29 22:36:30.058100,2022-12-29 22:37:30.049938,0 days 00:00:59.991838,371,COMPLETE
18,18,0.5449560663998888,2022-12-29 22:36:37.781830,2022-12-29 22:37:36.897956,0 days 00:00:59.116126,382,COMPLETE
19,19,0.5548099241517926,2022-12-29 22:36:46.106939,2022-12-29 22:37:45.137836,0 days 00:00:59.030897,387,COMPLETE
20,20,0.5568532285425236,2022-12-29 22:36:53.515326,2022-12-29 22:38:01.573019,0 days 00:01:08.057693,983,COMPLETE
21,21,0.5461223183960057,2022-12-29 22:36:54.953496,2022-12-29 22:37:53.074783,0 days 00:00:58.121287,403,COMPLETE
22,22,0.5617571157942419,2022-12-29 22:37:03.903747,2022-12-29 22:38:10.187254,0 days 00:01:06.283507,991,COMPLETE
23,23,0.5582262274837089,2022-12-29 22:37:14.207719,2022-12-29 22:38:16.461991,0 days 00:01:02.254272,420,COMPLETE
24,24,0.5362413727636988,2022-12-29 22:37:23.857671,2022-12-29 22:38:24.129711,0 days 00:01:00.272040,381,COMPLETE
25,25,0.5540377588160326,2022-12-29 22:37:30.055692,2022-12-29 22:38:35.503681,0 days 00:01:05.447989,927,COMPLETE
26,26,0.5650880383299552,2022-12-29 22:37:36.914603,2022-12-29 22:38:43.191087,0 days 00:01:06.276484,977,COMPLETE
27,27,0.5702675041538767,2022-12-29 22:37:45.139136,2022-12-29 22:38:51.081117,0 days 00:01:05.941981,937,COMPLETE
28,28,0.5681771451958266,2022-12-29 22:37:53.076161,2022-12-29 22:38:59.833540,0 days 00:01:06.757379,694,COMPLETE
29,29,0.5589723568940507,2022-12-29 22:38:01.635566,2022-12-29 22:39:07.932962,0 days 00:01:06.297396,690,COMPLETE
30,30,0.5625256498796801,2022-12-29 22:38:10.222864,2022-12-29 22:39:15.473660,0 days 00:01:05.250796,724,COMPLETE
31,31,0.5666939121209371,2022-12-29 22:38:16.526413,2022-12-29 22:39:23.273878,0 days 00:01:06.747465,678,COMPLETE
32,32,0.5681771451958266,2022-12-29 22:38:24.130971,2022-12-29 22:39:30.900619,0 days 00:01:06.769648,694,COMPLETE
33,33,0.5609821240996525,2022-12-29 22:38:35.531134,2022-12-29 22:39:40.543697,0 days 00:01:05.012563,705,COMPLETE
34,34,0.5388589057721956,2022-12-29 22:38:43.192092,2022-12-29 22:39:49.947227,0 days 00:01:06.755135,704,COMPLETE
35,35,0.5617109796202552,2022-12-29 22:38:51.097968,2022-12-29 22:39:57.260003,0 days 00:01:06.162035,708,COMPLETE
36,36,0.5628540339655653,2022-12-29 22:38:59.844241,2022-12-29 22:40:06.218966,0 days 00:01:06.374725,863,COMPLETE
37,37,0.5578940736327553,2022-12-29 22:39:07.935163,2022-12-29 22:40:13.815371,0 days 00:01:05.880208,818,COMPLETE
38,38,0.5652084187057802,2022-12-29 22:39:15.474773,2022-12-29 22:40:22.470697,0 days 00:01:06.995924,858,COMPLETE
39,39,0.5562308748316354,2022-12-29 22:39:23.275293,2022-12-29 22:40:30.721493,0 days 00:01:07.446200,859,COMPLETE
40,40,0.5510188736269429,2022-12-29 22:39:30.903262,2022-12-29 22:40:38.889913,0 days 00:01:07.986651,857,COMPLETE
41,41,0.5585289796136774,2022-12-29 22:39:40.583855,2022-12-29 22:40:48.345087,0 days 00:01:07.761232,848,COMPLETE
42,42,0.5649048933560938,2022-12-29 22:39:49.977348,2022-12-29 22:40:56.877549,0 days 00:01:06.900201,847,COMPLETE
43,43,0.5510188736269429,2022-12-29 22:39:57.273577,2022-12-29 22:41:05.113584,0 days 00:01:07.840007,857,COMPLETE
44,44,0.553587887976613,2022-12-29 22:40:06.248862,2022-12-29 22:41:11.663458,0 days 00:01:05.414596,503,COMPLETE
45,45,0.5503114615083664,2022-12-29 22:40:13.819859,2022-12-29 22:41:18.943225,0 days 00:01:05.123366,491,COMPLETE
46,46,0.5600684125766436,2022-12-29 22:40:22.509559,2022-12-29 22:41:26.680779,0 days 00:01:04.171220,527,COMPLETE
47,47,0.5452017857385913,2022-12-29 22:40:30.773197,2022-12-29 22:41:34.026841,0 days 00:01:03.253644,499,COMPLETE
48,48,0.5604032349919471,2022-12-29 22:40:38.939100,2022-12-29 22:41:43.259034,0 days 00:01:04.319934,505,COMPLETE
49,49,0.554915104783299,2022-12-29 22:40:48.346186,2022-12-29 22:41:51.915692,0 days 00:01:03.569506,511,COMPLETE
50,50,0.5572141243133757,2022-12-29 22:40:56.891554,2022-12-29 22:41:59.409130,0 days 00:01:02.517576,496,COMPLETE
51,51,0.5620656607184167,2022-12-29 22:41:05.127941,2022-12-29 22:42:08.404353,0 days 00:01:03.276412,628,COMPLETE
52,52,0.5616873748916725,2022-12-29 22:41:11.668001,2022-12-29 22:42:16.271425,0 days 00:01:04.603424,641,COMPLETE
53,53,0.5561032168462581,2022-12-29 22:41:18.989275,2022-12-29 22:42:24.182612,0 days 00:01:05.193337,616,COMPLETE
54,54,0.5499083711502732,2022-12-29 22:41:26.682199,2022-12-29 22:42:31.743942,0 days 00:01:05.061743,619,COMPLETE
55,55,0.5613668800666354,2022-12-29 22:41:34.035974,2022-12-29 22:42:39.369189,0 days 00:01:05.333215,638,COMPLETE
56,56,0.5716346614377714,2022-12-29 22:41:43.263227,2022-12-29 22:42:48.530761,0 days 00:01:05.267534,617,COMPLETE
57,57,0.5471184991322933,2022-12-29 22:41:51.917521,2022-12-29 22:42:56.835180,0 days 00:01:04.917659,624,COMPLETE
58,58,0.5620656607184167,2022-12-29 22:41:59.411121,2022-12-29 22:43:04.847017,0 days 00:01:05.435896,628,COMPLETE
59,59,0.5610500765153421,2022-12-29 22:42:08.408350,2022-12-29 22:43:13.818961,0 days 00:01:05.410611,752,COMPLETE
60,60,0.5466902440431991,2022-12-29 22:42:16.273820,2022-12-29 22:43:21.717640,0 days 00:01:05.443820,756,COMPLETE
61,61,0.5556368350824676,2022-12-29 22:42:24.183638,2022-12-29 22:43:29.766320,0 days 00:01:05.582682,761,COMPLETE
62,62,0.5662754709239707,2022-12-29 22:42:31.745581,2022-12-29 22:43:37.991476,0 days 00:01:06.245895,770,COMPLETE
63,63,0.5617402566675678,2022-12-29 22:42:39.370264,2022-12-29 22:43:46.239006,0 days 00:01:06.868742,769,COMPLETE
64,64,0.5538855549238499,2022-12-29 22:42:48.538333,2022-12-29 22:43:53.829023,0 days 00:01:05.290690,574,COMPLETE
65,65,0.577244518465722,2022-12-29 22:42:56.838164,2022-12-29 22:44:02.002776,0 days 00:01:05.164612,579,COMPLETE
66,66,0.5610500765153421,2022-12-29 22:43:04.848181,2022-12-29 22:44:10.628780,0 days 00:01:05.780599,752,COMPLETE
67,67,0.542245469723119,2022-12-29 22:43:13.819965,2022-12-29 22:44:18.533068,0 days 00:01:04.713103,582,COMPLETE
68,68,0.5731233737132696,2022-12-29 22:43:21.718767,2022-12-29 22:44:26.331767,0 days 00:01:04.613000,568,COMPLETE
69,69,0.5533439815404574,2022-12-29 22:43:29.767489,2022-12-29 22:44:34.030446,0 days 00:01:04.262957,589,COMPLETE
70,70,0.5566060942857873,2022-12-29 22:43:38.002239,2022-12-29 22:44:41.670390,0 days 00:01:03.668151,572,COMPLETE
71,71,0.5677060944384091,2022-12-29 22:43:46.272186,2022-12-29 22:44:50.308997,0 days 00:01:04.036811,571,COMPLETE
72,72,0.570228558253932,2022-12-29 22:43:53.831517,2022-12-29 22:44:59.860501,0 days 00:01:06.028984,664,COMPLETE
73,73,0.5569683185287275,2022-12-29 22:44:02.003778,2022-12-29 22:45:08.911378,0 days 00:01:06.907600,562,COMPLETE
74,74,0.45165399263799416,2022-12-29 22:44:10.629813,2022-12-29 22:45:11.634474,0 days 00:01:01.004661,139,COMPLETE
75,75,0.4452484494811588,2022-12-29 22:44:18.535653,2022-12-29 22:45:14.487141,0 days 00:00:55.951488,147,COMPLETE
76,76,0.5531144586188774,2022-12-29 22:44:26.334555,2022-12-29 22:45:26.622833,0 days 00:01:00.288278,456,COMPLETE
77,77,0.5590204011304284,2022-12-29 22:44:34.033136,2022-12-29 22:45:34.209149,0 days 00:01:00.176013,461,COMPLETE
78,78,0.5612873423800393,2022-12-29 22:44:41.671610,2022-12-29 22:45:44.102935,0 days 00:01:02.431325,666,COMPLETE
79,79,0.556242985213735,2022-12-29 22:44:50.311353,2022-12-29 22:45:53.200190,0 days 00:01:02.888837,672,COMPLETE
80,80,0.5585535482281864,2022-12-29 22:44:59.863390,2022-12-29 22:46:01.299773,0 days 00:01:01.436383,665,COMPLETE
81,81,0.554475687544436,2022-12-29 22:45:08.915652,2022-12-29 22:46:15.683726,0 days 00:01:06.768074,660,COMPLETE
82,82,0.5492435540821875,2022-12-29 22:45:11.635824,2022-12-29 22:46:07.628422,0 days 00:00:55.992598,454,COMPLETE
83,83,0.5689995799657876,2022-12-29 22:45:14.506003,2022-12-29 22:46:23.674722,0 days 00:01:09.168719,667,COMPLETE
84,84,0.570228558253932,2022-12-29 22:45:26.632957,2022-12-29 22:46:31.261008,0 days 00:01:04.628051,664,COMPLETE
85,85,0.5540377588160326,2022-12-29 22:45:34.210441,2022-12-29 22:46:40.429337,0 days 00:01:06.218896,927,COMPLETE
86,86,0.5689995799657876,2022-12-29 22:45:44.105706,2022-12-29 22:46:49.304107,0 days 00:01:05.198401,667,COMPLETE
87,87,0.5586324311943394,2022-12-29 22:45:53.202128,2022-12-29 22:46:58.987273,0 days 00:01:05.785145,952,COMPLETE
88,88,0.5610403885734806,2022-12-29 22:46:01.301455,2022-12-29 22:47:06.666433,0 days 00:01:05.364978,729,COMPLETE
89,89,0.5639794439633024,2022-12-29 22:46:07.637171,2022-12-29 22:47:14.830096,0 days 00:01:07.192925,808,COMPLETE
90,90,0.5585921085367547,2022-12-29 22:46:15.745760,2022-12-29 22:47:21.645301,0 days 00:01:05.899541,536,COMPLETE
91,91,0.5524522876685596,2022-12-29 22:46:23.698378,2022-12-29 22:47:29.544286,0 days 00:01:05.845908,731,COMPLETE
92,92,0.5625256498796801,2022-12-29 22:46:31.262232,2022-12-29 22:47:37.765552,0 days 00:01:06.503320,724,COMPLETE
93,93,0.5531989569935399,2022-12-29 22:46:40.431995,2022-12-29 22:47:44.661369,0 days 00:01:04.229374,542,COMPLETE
94,94,0.5544538861548991,2022-12-29 22:46:49.306363,2022-12-29 22:47:52.853341,0 days 00:01:03.546978,727,COMPLETE
95,95,0.5627625672825951,2022-12-29 22:46:59.000286,2022-12-29 22:48:00.838106,0 days 00:01:01.837820,602,COMPLETE
96,96,0.5555035935711141,2022-12-29 22:47:06.667991,2022-12-29 22:48:07.999083,0 days 00:01:01.331092,805,COMPLETE
97,97,0.5569649352265348,2022-12-29 22:47:14.842107,2022-12-29 22:48:14.482094,0 days 00:00:59.639987,893,COMPLETE
98,98,0.5594844704692757,2022-12-29 22:47:21.647848,2022-12-29 22:48:19.607772,0 days 00:00:57.959924,599,COMPLETE
99,99,0.5676850724577684,2022-12-29 22:47:29.546347,2022-12-29 22:48:24.455844,0 days 00:00:54.909497,603,COMPLETE
